   1.00000000000000     
   1.00000000000000     
   1.00000000000000     
   1.00000000000000     
   1.00000000000000     
   1.00000000000000     
   1.00000000000000     
   1.00000000000000     
   1.00000000000000     
   1.00000000000000     
   1.00000000000000     
   1.00000000000000     
   1.00000000000000     
   1.00000000000000     
   1.00000000000000     
   1.00000000000000     
   1.00000000000000     
   1.00000000000000     
   1.00000000000000     
   1.00000000000000     
   1.00000000000000     
   1.00000000000000     
   1.00000000000000     
   1.00000000000000     
   1.00000000000000     
   1.00000000000000     
   1.00000000000000     
   1.00000000000000     
   1.00000000000000     
   1.00000000000000     
   1.00000000000000     
   1.00000000000000     
   1.00000000000000     
   1.00000000000000     
   1.00000000000000     
   1.00000000000000     
   1.00000000000000     
   1.00000000000000     
   1.00000000000000     
   1.00000000000000     
   1.00000000000000     
   1.00000000000000     
   1.00000000000000     
   1.00000000000000     
   1.00000000000000     
   1.00000000000000     
   1.00000000000000     
   1.00000000000000     
   1.00000000000000     
   1.00000000000000     
   1.00000000000000     
   1.00000000000000     
   1.00000000000000     
   1.00000000000000     
   1.00000000000000     
   1.00000000000000     
   1.00000000000000     
   1.00000000000000     
   1.00000000000000     
   1.00000000000000     
   1.00000000000000     
   1.00000000000000     
   1.00000000000000     
   1.00000000000000     
   1.00000000000000     
   1.00000000000000     
   1.00000000000000     
   1.00000000000000     
   1.00000000000000     
   1.00000000000000     
   1.00000000000000     
   1.00000000000000     
   1.00000000000000     
   1.00000000000000     
   1.00000000000000     
   1.00000000000000     
   1.00000000000000     
   1.00000000000000     
   1.00000000000000     
   1.00000000000000     
   1.00000000000000     
   1.00000000000000     
   1.00000000000000     
   1.00000000000000     
   1.00000000000000     
   1.00000000000000     
   1.00000000000000     
   1.00000000000000     
   1.00000000000000     
   1.00000000000000     
   1.00000000000000     
   1.00000000000000     
   1.00000000000000     
   1.00000000000000     
   1.00000000000000     
   1.00000000000000     
   1.00000000000000     
   1.00000000000000     
   1.00000000000000     
   1.00000000000000     
   1.00000000000000     
   1.00000000000000     
   1.00000000000000     
   1.00000000000000     
   1.00000000000000     
   1.00000000000000     
   1.00000000000000     
   1.00000000000000     
   1.00000000000000     
   1.00000000000000     
   1.00000000000000     
   1.00000000000000     
   1.00000000000000     
   1.00000000000000     
   1.00000000000000     
   1.00000000000000     
   1.00000000000000     
   1.00000000000000     
   1.00000000000000     
   1.00000000000000     
   1.00000000000000     
   1.00000000000000     
   1.00000000000000     
   1.00000000000000     
   1.00000000000000     
   1.00000000000000     
   1.00000000000000     
   1.00000000000000     
   1.00000000000000     
   1.00000000000000     
   1.00000000000000     
   1.00000000000000     
   1.00000000000000     
   1.00000000000000     
   1.00000000000000     
   1.00000000000000     
   1.00000000000000     
   1.00000000000000     
   1.00000000000000     
   1.00000000000000     
   1.00000000000000     
   1.00000000000000     
  0.993631850242925     
  0.970959576611710     
  0.947740459882008     
  0.930155607528374     
  0.914777464135923     
  0.891031398887409     
  0.857296811320596     
  0.822898734061927     
  0.794181293378702     
  0.769845847724233     
  0.748660593431135     
  0.732277628119071     
  0.713967036671713     
  0.689442061680616     
  0.662128243675413     
  0.638999146611525     
  0.623724850851699     
  0.612548388126124     
  0.602368557880627     
  0.591083638573532     
  0.578357000808251     
  0.563815637029711     
  0.548368550060462     
  0.530183880728441     
  0.504225211132230     
  0.471211307187814     
  0.438646722584628     
  0.412665914225490     
  0.391708249919509     
  0.370551898197161     
  0.351296286483729     
  0.334573553896334     
  0.316600266823873     
  0.301074879712724     
  0.285985383676562     
  0.269799163722836     
  0.256535197141627     
  0.241404196519391     
  0.222865709763137     
  0.202935245217695     
  0.183695945378141     
  0.164847120663135     
  0.149146215813926     
  0.138655905343371     
  0.125908279621879     
  0.108499103911204     
  9.055398291600120E-002
  7.827085323980142E-002
  7.629587085095545E-002
  7.775870298307230E-002
  7.357222655875995E-002
  6.281311620385928E-002
  4.986474812047448E-002
  3.804389720400519E-002
  2.664784844603130E-002
  1.906452443325676E-002
  1.737897962793106E-002
  1.762627889096418E-002
  1.639346337076026E-002
  1.860239257860415E-002
  2.371434105303295E-002
  2.607252782257367E-002
  2.598860880181860E-002
  2.258741200438104E-002
  1.907879111395878E-002
  1.722834233369471E-002
  1.420047208151146E-002
  1.427325287953548E-002
  1.928484517563745E-002
  1.876602669521104E-002
  1.423616224223787E-002
  1.274230217437776E-002
  1.397143194616261E-002
  1.443225791641686E-002
  1.470697365181840E-002
  1.379865266712415E-002
  1.437574230475143E-002
  1.664059071940012E-002
  1.727745764751925E-002
  1.942770868921142E-002
  2.543725600982832E-002
  2.973605144316450E-002
  2.918384698893484E-002
  2.626636096352764E-002
  2.518615596738904E-002
  2.527027120555186E-002
  2.406267738145174E-002
  2.296458759640012E-002
  2.429349117697045E-002
  2.736495444905187E-002
  2.730313343347073E-002
  2.651763209971240E-002
  2.817599714150109E-002
  3.072945730802918E-002
  3.342573434169650E-002
  3.484158661831829E-002
  3.499960910226425E-002
  3.363927153092683E-002
  3.309692009496886E-002
  3.593198924170189E-002
  3.864631183868590E-002
  3.938593710299026E-002
  3.891828577876462E-002
  3.802371598035041E-002
  3.697432659526521E-002
  3.564878180403552E-002
  3.678271990539458E-002
  3.746062662267316E-002
  3.973044254108934E-002
  4.927464062771863E-002
  5.818278515522128E-002
  6.269931085156503E-002
  6.462534035908724E-002
  6.561812143462543E-002
  6.526649894978798E-002
  6.305311241759454E-002
  6.035447682917167E-002
  5.684051452421299E-002
  5.598101680918832E-002
  6.260925838648299E-002
  7.357185565937813E-002
  8.088388727710231E-002
  8.304776559627250E-002
  8.416729582219924E-002
  8.917784601986257E-002
  9.501384218479467E-002
  9.738901529035371E-002
  0.100766961265980     
  0.108207662893000     
  0.117319369307308     
  0.124113866160397     
  0.128943254138699     
  0.130091617802063     
  0.128628105958185     
  0.130035614578458     
  0.133834753156396     
  0.136520432880215     
  0.137205149639432     
  0.135251001899695     
  0.137291813047862     
  0.146230695137531     
  0.155861969666996     
  0.171864010458977     
  0.192137898485567     
  0.208420092743030     
  0.220376541766826     
  0.227338822600074     
  0.231829857877755     
  0.237102530738323     
  0.246089580603355     
  0.258364027021974     
  0.270921142379571     
  0.283647741801268     
  0.296946365419617     
  0.309805884314140     
  0.321143387235684     
  0.330736190573846     
  0.337931136553521     
  0.344219631612098     
  0.352879932391272     
  0.361239098202038     
  0.368030403161052     
  0.379904761296304     
  0.396658508526528     
  0.412766956597144     
  0.426811927548391     
  0.435989801124552     
  0.439148490764165     
  0.439661562774368     
  0.440240944081527     
  0.441294908808705     
  0.448236129347016     
  0.462634792310154     
  0.477302909382855     
  0.487821355365091     
  0.495923793301323     
  0.503796620493382     
  0.512858511981307     
  0.524367204798011     
  0.535902580655171     
  0.547152135167734     
  0.559727230708793     
  0.568641943106108     
  0.571854530689297     
  0.573820984969492     
  0.576406514246915     
  0.579163616098328     
  0.583357971668756     
  0.591310517121733     
  0.600951434297325     
  0.607012274085881     
  0.620369273589292     
  0.642682383472721     
  0.662365226722787     
  0.682696222231453     
  0.705696278299985     
  0.729066428981595     
  0.751326785736272     
  0.776629121074788     
  0.800875775634714     
  0.815108742311127     
  0.820474235801695     
  0.823889660733877     
  0.827532318067379     
  0.830093248775141     
  0.833759810083272     
  0.839624350426272     
  0.846331873046664     
  0.852210401699604     
  0.861908632435225     
  0.873900292528018     
  0.880107926860563     
  0.884706358632203     
  0.890775863516923     
  0.896340280599732     
  0.902278408099927     
  0.909044787679723     
  0.922259826197750     
  0.937879355009997     
  0.951889991436207     
  0.965171365039849     
  0.973884557272487     
  0.980552407629145     
  0.988483364189024     
  0.998119203293521     
   1.00000000000000     
   1.00000000000000     
   1.00000000000000     
   1.00000000000000     
   1.00000000000000     
   1.00000000000000     
   1.00000000000000     
   1.00000000000000     
   1.00000000000000     
   1.00000000000000     
   1.00000000000000     
   1.00000000000000     
   1.00000000000000     
   1.00000000000000     
   1.00000000000000     
   1.00000000000000     
   1.00000000000000     
   1.00000000000000     
   1.00000000000000     
   1.00000000000000     
   1.00000000000000     
   1.00000000000000     
   1.00000000000000     
   1.00000000000000     
   1.00000000000000     
   1.00000000000000     
   1.00000000000000     
   1.00000000000000     
   1.00000000000000     
   1.00000000000000     
   1.00000000000000     
   1.00000000000000     
   1.00000000000000     
   1.00000000000000     
   1.00000000000000     
   1.00000000000000     
   1.00000000000000     
   1.00000000000000     
   1.00000000000000     
   1.00000000000000     
   1.00000000000000     
   1.00000000000000     
   1.00000000000000     
   1.00000000000000     
   1.00000000000000     
   1.00000000000000     
   1.00000000000000     
   1.00000000000000     
   1.00000000000000     
   1.00000000000000     
   1.00000000000000     
   1.00000000000000     
   1.00000000000000     
   1.00000000000000     
   1.00000000000000     
   1.00000000000000     
   1.00000000000000     
   1.00000000000000     
   1.00000000000000     
   1.00000000000000     
   1.00000000000000     
   1.00000000000000     
   1.00000000000000     
   1.00000000000000     
   1.00000000000000     
   1.00000000000000     
   1.00000000000000     
   1.00000000000000     
   1.00000000000000     
   1.00000000000000     
   1.00000000000000     
   1.00000000000000     
   1.00000000000000     
   1.00000000000000     
   1.00000000000000     
   1.00000000000000     
   1.00000000000000     
   1.00000000000000     
   1.00000000000000     
   1.00000000000000     
   1.00000000000000     
   1.00000000000000     
   1.00000000000000     
   1.00000000000000     
   1.00000000000000     
   1.00000000000000     
   1.00000000000000     
   1.00000000000000     
   1.00000000000000     
   1.00000000000000     
   1.00000000000000     
   1.00000000000000     
   1.00000000000000     
   1.00000000000000     
   1.00000000000000     
   1.00000000000000     
   1.00000000000000     
   1.00000000000000     
   1.00000000000000     
   1.00000000000000     
   1.00000000000000     
   1.00000000000000     
   1.00000000000000     
   1.00000000000000     
   1.00000000000000     
   1.00000000000000     
   1.00000000000000     
   1.00000000000000     
   1.00000000000000     
   1.00000000000000     
   1.00000000000000     
   1.00000000000000     
   1.00000000000000     
   1.00000000000000     
   1.00000000000000     
   1.00000000000000     
   1.00000000000000     
   1.00000000000000     
   1.00000000000000     
   1.00000000000000     
   1.00000000000000     
   1.00000000000000     
   1.00000000000000     
   1.00000000000000     
   1.00000000000000     
   1.00000000000000     
   1.00000000000000     
   1.00000000000000     
   1.00000000000000     
   1.00000000000000     
   1.00000000000000     
   1.00000000000000     
   1.00000000000000     
   1.00000000000000     
   1.00000000000000     
   1.00000000000000     
   1.00000000000000     
  0.988074051702755     
  0.976864010533476     
  0.969380885521721     
  0.955343346031031     
  0.933029865540274     
  0.910175109130388     
  0.892956306444731     
  0.877946420579665     
  0.854576910426713     
  0.821236913731832     
  0.787246514319378     
  0.758941623846272     
  0.735023760695889     
  0.714261108183508     
  0.698303353715995     
  0.680423870950837     
  0.656342908923567     
  0.629487821198282     
  0.606823908454115     
  0.592015838334686     
  0.581307217097535     
  0.571596207093053     
  0.560781441064753     
  0.548527572769486     
  0.534463414693176     
  0.519499040480274     
  0.501806078192737     
  0.476362302580109     
  0.443902233907497     
  0.411920776823962     
  0.386533071496105     
  0.366178688326973     
  0.345645175660627     
  0.327027700468736     
  0.310954925063340     
  0.293650204034397     
  0.278805197597459     
  0.264409380304696     
  0.248934752218661     
  0.236392069100865     
  0.221999579686830     
  0.204233136070339     
  0.185117010105616     
  0.166732829054851     
  0.148785482812697     
  0.134015530053880     
  0.124464366308732     
  0.112675647712267     
  9.629726571841163E-002
  7.947395357524648E-002
  6.833601513196982E-002
  6.750448387654431E-002
  7.002347773033016E-002
  6.671421019083709E-002
  5.679657607702741E-002
  4.473593630599594E-002
  3.384844334098946E-002
  2.343852682133764E-002
  1.681786796243044E-002
  1.600863989982699E-002
  1.684901863415130E-002
  1.592965647966384E-002
  1.835898078864740E-002
  2.358676919082836E-002
  2.598837999698194E-002
  2.592926856706725E-002
  2.254493534931579E-002
  1.904981137791463E-002
  1.721002319141513E-002
  1.418932499199025E-002
  1.426749344191441E-002
  1.928257958189585E-002
  1.876460872837901E-002
  1.423526362586020E-002
  1.274181699685296E-002
  1.397121418488177E-002
  1.443214823378998E-002
  1.470691668921271E-002
  1.379862169017683E-002
  1.437572692203182E-002
  1.664058339738706E-002
  1.727745351067869E-002
  1.942770639524093E-002
  2.543725479460756E-002
  2.973605063868611E-002
  2.918384639440296E-002
  2.626636052279303E-002
  2.518615565343471E-002
  2.527027098707649E-002
  2.406267722775410E-002
  2.296458749023124E-002
  2.429349110679550E-002
  2.736495440268569E-002
  2.730313340020458E-002
  2.651763207575022E-002
  2.817599712475873E-002
  3.072945729617177E-002
  3.342573433304452E-002
  3.484158661177279E-002
  3.499960909722183E-002
  3.363927152701614E-002
  3.309692009197544E-002
  3.593198923946624E-002
  3.864631183697301E-002
  3.938593710163894E-002
  3.891828577768929E-002
  3.802371597949600E-002
  3.697432659458970E-002
  3.564878180350459E-002
  3.678271990498500E-002
  3.746062662235390E-002
  3.973044254084125E-002
  4.927464062753314E-002
  5.818278515507227E-002
  6.269931085143868E-002
  6.462534035897816E-002
  6.561812143453070E-002
  6.526649894970546E-002
  6.305311241752250E-002
  6.035447682910914E-002
  5.684051452415899E-002
  5.598101680914220E-002
  6.260925838644447E-002
  7.357185565934579E-002
  8.088388727707405E-002
  8.304776559624724E-002
  8.416729582217648E-002
  8.917784601984230E-002
  9.501384218477643E-002
  9.738901529033718E-002
  0.100766961265965     
  0.108207662892986     
  0.117319369307295     
  0.124113866160385     
  0.128943254138688     
  0.130091617802053     
  0.128628105958176     
  0.130035614578450     
  0.133834753156388     
  0.136520432880207     
  0.137205149639425     
  0.135251001899688     
  0.137291813047855     
  0.146230695137525     
  0.155861969666991     
  0.171864010458972     
  0.192137898485562     
  0.208420092743025     
  0.220376541766821     
  0.227338822600070     
  0.231829857877751     
  0.237102530738319     
  0.246089580603351     
  0.258364027021970     
  0.270921142379567     
  0.283647741801265     
  0.296946365419614     
  0.309805884314136     
  0.321143387235680     
  0.330736190573842     
  0.337931136553518     
  0.344219631612094     
  0.352879932391269     
  0.361239098202035     
  0.368030403161048     
  0.379904761296301     
  0.396658508526525     
  0.412766956597140     
  0.426811927548388     
  0.435989801124548     
  0.439148490764162     
  0.439661562774365     
  0.440240944081524     
  0.441294908808702     
  0.448236129347013     
  0.462634792310151     
  0.477302909382852     
  0.487821355365088     
  0.495923793301320     
  0.503796620493380     
  0.512858511981304     
  0.524367204798007     
  0.535902580655168     
  0.547152135167731     
  0.559727230708789     
  0.568641943106105     
  0.571854530689294     
  0.573820984969490     
  0.576406514246912     
  0.579163616098326     
  0.583357971668754     
  0.591310517121731     
  0.600951434297323     
  0.607012274085879     
  0.620369273589290     
  0.642682383472719     
  0.662365226722785     
  0.682696222231451     
  0.705696278299983     
  0.729066428981594     
  0.751326785736270     
  0.776629121074786     
  0.800875775634712     
  0.815108742311125     
  0.820474235801693     
  0.823889660733876     
  0.827532318067378     
  0.830093248775140     
  0.833759810083270     
  0.839624350426270     
  0.846331873046663     
  0.852210401699602     
  0.861908632435223     
  0.873900292528017     
  0.880107926860561     
  0.884706358632201     
  0.890775863516921     
  0.896340280599730     
  0.902278408099925     
  0.909044787679721     
  0.922259826197748     
  0.937879355009995     
  0.951889991436206     
  0.965171365039848     
  0.973884557272485     
  0.980552407629144     
  0.986828369124509     
  0.993022708509339     
  0.997615135309179     
  0.999132074635761     
   1.00000000000000     
   1.00000000000000     
   1.00000000000000     
   1.00000000000000     
   1.00000000000000     
   1.00000000000000     
   1.00000000000000     
   1.00000000000000     
   1.00000000000000     
   1.00000000000000     
   1.00000000000000     
   1.00000000000000     
   1.00000000000000     
   1.00000000000000     
   1.00000000000000     
   1.00000000000000     
   1.00000000000000     
   1.00000000000000     
   1.00000000000000     
   1.00000000000000     
   1.00000000000000     
   1.00000000000000     
   1.00000000000000     
   1.00000000000000     
   1.00000000000000     
   1.00000000000000     
   1.00000000000000     
   1.00000000000000     
   1.00000000000000     
   1.00000000000000     
   1.00000000000000     
   1.00000000000000     
   1.00000000000000     
   1.00000000000000     
   1.00000000000000     
   1.00000000000000     
   1.00000000000000     
   1.00000000000000     
   1.00000000000000     
   1.00000000000000     
   1.00000000000000     
   1.00000000000000     
   1.00000000000000     
   1.00000000000000     
   1.00000000000000     
   1.00000000000000     
   1.00000000000000     
   1.00000000000000     
   1.00000000000000     
   1.00000000000000     
   1.00000000000000     
   1.00000000000000     
   1.00000000000000     
   1.00000000000000     
   1.00000000000000     
   1.00000000000000     
   1.00000000000000     
   1.00000000000000     
   1.00000000000000     
   1.00000000000000     
   1.00000000000000     
   1.00000000000000     
   1.00000000000000     
   1.00000000000000     
   1.00000000000000     
   1.00000000000000     
   1.00000000000000     
   1.00000000000000     
   1.00000000000000     
   1.00000000000000     
   1.00000000000000     
   1.00000000000000     
   1.00000000000000     
   1.00000000000000     
   1.00000000000000     
   1.00000000000000     
   1.00000000000000     
   1.00000000000000     
   1.00000000000000     
   1.00000000000000     
   1.00000000000000     
   1.00000000000000     
   1.00000000000000     
   1.00000000000000     
   1.00000000000000     
   1.00000000000000     
   1.00000000000000     
   1.00000000000000     
   1.00000000000000     
   1.00000000000000     
   1.00000000000000     
   1.00000000000000     
   1.00000000000000     
   1.00000000000000     
   1.00000000000000     
   1.00000000000000     
   1.00000000000000     
   1.00000000000000     
   1.00000000000000     
   1.00000000000000     
   1.00000000000000     
   1.00000000000000     
   1.00000000000000     
   1.00000000000000     
   1.00000000000000     
   1.00000000000000     
   1.00000000000000     
   1.00000000000000     
   1.00000000000000     
   1.00000000000000     
   1.00000000000000     
   1.00000000000000     
   1.00000000000000     
   1.00000000000000     
   1.00000000000000     
   1.00000000000000     
   1.00000000000000     
   1.00000000000000     
   1.00000000000000     
   1.00000000000000     
   1.00000000000000     
   1.00000000000000     
   1.00000000000000     
   1.00000000000000     
   1.00000000000000     
   1.00000000000000     
   1.00000000000000     
   1.00000000000000     
   1.00000000000000     
   1.00000000000000     
   1.00000000000000     
   1.00000000000000     
   1.00000000000000     
   1.00000000000000     
   1.00000000000000     
   1.00000000000000     
   1.00000000000000     
   1.00000000000000     
   1.00000000000000     
   1.00000000000000     
   1.00000000000000     
   1.00000000000000     
   1.00000000000000     
  0.987247200645464     
  0.965650957723095     
  0.934332679874835     
  0.899512443928896     
  0.872122386259503     
  0.854110593776070     
  0.839363740890054     
  0.824463331232492     
  0.812043449278487     
  0.799973931318962     
  0.783398705449279     
  0.762727299447959     
  0.738242189137592     
  0.710519149639381     
  0.682005949948739     
  0.650956229163684     
  0.616997738420918     
  0.585290981009058     
  0.553999184763504     
  0.524529477997316     
  0.500215745336323     
  0.476083683822816     
  0.453349588480968     
  0.434084445603317     
  0.415601151769963     
  0.399668551755895     
  0.382718944172877     
  0.361465959053064     
  0.338715639419089     
  0.313870104042845     
  0.289770540083666     
  0.276388277437489     
  0.269986950246759     
  0.261825254336992     
  0.254266738180553     
  0.245686192365486     
  0.233482684648695     
  0.220707409142597     
  0.206130004097432     
  0.190971784721069     
  0.173305161780486     
  0.154320496970319     
  0.140950539331678     
  0.129253029888869     
  0.120293598068771     
  0.115232821027792     
  0.111157191977506     
  0.108211426128591     
  0.104951909312296     
  9.920088811101385E-002
  9.002196077539194E-002
  8.117825975824236E-002
  7.809384508673564E-002
  7.852024464051750E-002
  7.578003868263665E-002
  6.872850480188820E-002
  5.926444214599265E-002
  4.966546050867609E-002
  4.124620329697777E-002
  3.396196010232883E-002
  3.090069030891762E-002
  3.034990700853433E-002
  2.717009388452515E-002
  2.153067004605785E-002
  1.653305907177858E-002
  1.275728299205727E-002
  1.093307829091588E-002
  1.375393310622178E-002
  1.738537412848254E-002
  1.939555769403463E-002
  2.080373125086379E-002
  2.214510658156893E-002
  2.404311492945229E-002
  2.584822936722291E-002
  2.642174859853623E-002
  2.525060055350762E-002
  2.268854231730538E-002
  2.220415600883337E-002
  2.373041160226187E-002
  2.537983900901509E-002
  2.852078627098523E-002
  3.248788104986757E-002
  3.815761247412144E-002
  4.420587132249944E-002
  4.749390559834289E-002
  4.781956088762358E-002
  4.561213061568660E-002
  4.152746460291564E-002
  3.873066025272832E-002
  3.883357577275119E-002
  3.968713703095429E-002
  3.830534087631334E-002
  3.555866037958789E-002
  3.571121315459164E-002
  3.725305918538490E-002
  3.797828822748900E-002
  3.938090431158179E-002
  3.731808101026399E-002
  3.449153448634477E-002
  3.664799217183861E-002
  3.769352733733540E-002
  3.198290748911821E-002
  2.689468404233050E-002
  3.036428613821402E-002
  3.918194086426866E-002
  4.834990538475487E-002
  5.662305361769581E-002
  6.801883744066688E-002
  7.839340455285516E-002
  8.564657111508137E-002
  9.611242528813820E-002
  0.103542626642046     
  0.104183563657184     
  0.100534075843790     
  9.471824397165422E-002
  9.398643893765171E-002
  9.517664357468882E-002
  9.365583061233776E-002
  9.124584616376986E-002
  8.697048866084506E-002
  8.252430643481530E-002
  8.428277396608747E-002
  9.167652181252131E-002
  9.753304982224548E-002
  0.101934392723304     
  0.102039020169380     
  0.100332552853055     
  0.101259134491710     
  0.102265563647841     
  0.101032105324143     
  0.101262918934488     
  0.105582132010690     
  0.107278215031449     
  0.106498380458467     
  0.110125424065586     
  0.119031558608613     
  0.132694824719768     
  0.148656610965145     
  0.161828178324013     
  0.170741167820038     
  0.177836887739104     
  0.184545700973048     
  0.188484587225278     
  0.189343970214691     
  0.188691417545243     
  0.188519651935782     
  0.189126842073241     
  0.192295560869114     
  0.198818263669718     
  0.208627484167811     
  0.220938147080005     
  0.229348823347263     
  0.236086106720625     
  0.246699084788601     
  0.255037724152717     
  0.258344666311184     
  0.260124067481042     
  0.266983455656400     
  0.276509539608900     
  0.282515209930079     
  0.289594073974483     
  0.298566515734280     
  0.311906391300384     
  0.329984585865277     
  0.347482141250676     
  0.360940970890231     
  0.371940376977203     
  0.380020051246593     
  0.384505376574768     
  0.387273639957804     
  0.389720842443206     
  0.399561279222869     
  0.416386026685820     
  0.433787991637698     
  0.450384520089733     
  0.461994749814313     
  0.469892570566421     
  0.481456951047418     
  0.501208416533246     
  0.523764017952254     
  0.541777821240050     
  0.553824133211802     
  0.565390227528106     
  0.584401936664211     
  0.607351501396411     
  0.629902514380425     
  0.657032472849163     
  0.687120079418323     
  0.709130783110596     
  0.728040824362034     
  0.751253364188298     
  0.777341378661863     
  0.803599015196397     
  0.825545058168894     
  0.848843425738559     
  0.873885460726960     
  0.895620275249411     
  0.913233596715956     
  0.930906808605726     
  0.947328057960016     
  0.966376157485392     
  0.989584215723718     
   1.00000000000000     
   1.00000000000000     
   1.00000000000000     
   1.00000000000000     
   1.00000000000000     
   1.00000000000000     
   1.00000000000000     
   1.00000000000000     
   1.00000000000000     
   1.00000000000000     
   1.00000000000000     
   1.00000000000000     
   1.00000000000000     
   1.00000000000000     
   1.00000000000000     
   1.00000000000000     
   1.00000000000000     
   1.00000000000000     
   1.00000000000000     
   1.00000000000000     
   1.00000000000000     
   1.00000000000000     
   1.00000000000000     
   1.00000000000000     
   1.00000000000000     
   1.00000000000000     
   1.00000000000000     
   1.00000000000000     
   1.00000000000000     
   1.00000000000000     
   1.00000000000000     
   1.00000000000000     
   1.00000000000000     
   1.00000000000000     
   1.00000000000000     
   1.00000000000000     
   1.00000000000000     
   1.00000000000000     
   1.00000000000000     
   1.00000000000000     
   1.00000000000000     
   1.00000000000000     
   1.00000000000000     
   1.00000000000000     
   1.00000000000000     
   1.00000000000000     
   1.00000000000000     
   1.00000000000000     
   1.00000000000000     
   1.00000000000000     
   1.00000000000000     
   1.00000000000000     
   1.00000000000000     
   1.00000000000000     
   1.00000000000000     
   1.00000000000000     
   1.00000000000000     
   1.00000000000000     
   1.00000000000000     
   1.00000000000000     
   1.00000000000000     
   1.00000000000000     
   1.00000000000000     
   1.00000000000000     
   1.00000000000000     
   1.00000000000000     
   1.00000000000000     
   1.00000000000000     
   1.00000000000000     
   1.00000000000000     
   1.00000000000000     
   1.00000000000000     
   1.00000000000000     
   1.00000000000000     
   1.00000000000000     
   1.00000000000000     
   1.00000000000000     
   1.00000000000000     
   1.00000000000000     
   1.00000000000000     
   1.00000000000000     
   1.00000000000000     
   1.00000000000000     
   1.00000000000000     
   1.00000000000000     
   1.00000000000000     
   1.00000000000000     
   1.00000000000000     
   1.00000000000000     
   1.00000000000000     
   1.00000000000000     
   1.00000000000000     
   1.00000000000000     
   1.00000000000000     
   1.00000000000000     
   1.00000000000000     
   1.00000000000000     
   1.00000000000000     
   1.00000000000000     
   1.00000000000000     
   1.00000000000000     
   1.00000000000000     
   1.00000000000000     
   1.00000000000000     
   1.00000000000000     
   1.00000000000000     
   1.00000000000000     
   1.00000000000000     
   1.00000000000000     
   1.00000000000000     
   1.00000000000000     
   1.00000000000000     
   1.00000000000000     
   1.00000000000000     
   1.00000000000000     
   1.00000000000000     
   1.00000000000000     
   1.00000000000000     
   1.00000000000000     
   1.00000000000000     
   1.00000000000000     
   1.00000000000000     
   1.00000000000000     
   1.00000000000000     
   1.00000000000000     
   1.00000000000000     
   1.00000000000000     
   1.00000000000000     
   1.00000000000000     
   1.00000000000000     
   1.00000000000000     
   1.00000000000000     
   1.00000000000000     
   1.00000000000000     
   1.00000000000000     
   1.00000000000000     
   1.00000000000000     
   1.00000000000000     
   1.00000000000000     
   1.00000000000000     
   1.00000000000000     
   1.00000000000000     
   1.00000000000000     
   1.00000000000000     
   1.00000000000000     
   1.00000000000000     
   1.00000000000000     
   1.00000000000000     
   1.00000000000000     
   1.00000000000000     
   1.00000000000000     
   1.00000000000000     
   1.00000000000000     
   1.00000000000000     
   1.00000000000000     
   1.00000000000000     
   1.00000000000000     
   1.00000000000000     
   1.00000000000000     
   1.00000000000000     
   1.00000000000000     
   1.00000000000000     
   1.00000000000000     
   1.00000000000000     
   1.00000000000000     
   1.00000000000000     
   1.00000000000000     
   1.00000000000000     
   1.00000000000000     
   1.00000000000000     
   1.00000000000000     
   1.00000000000000     
   1.00000000000000     
   1.00000000000000     
   1.00000000000000     
   1.00000000000000     
  0.976378911561529     
  0.958447380027755     
  0.947167581281600     
  0.933681156659577     
  0.912293951647420     
  0.886396929997843     
  0.861940448435913     
  0.841345811121505     
  0.825199412232824     
  0.810921306124604     
  0.794774079364049     
  0.774322542661829     
  0.750747586491332     
  0.728750052016763     
  0.711718779869339     
  0.691565863986919     
  0.663122247589159     
  0.636487626948871     
  0.615582106638732     
  0.592921624377947     
  0.572625617586505     
  0.555198599717935     
  0.530743803688827     
  0.504716004687350     
  0.486218313343545     
  0.468347943423534     
  0.444220918566345     
  0.416729115351845     
  0.394840446673719     
  0.379896265445652     
  0.364480340941067     
  0.350280622268734     
  0.340883549874454     
  0.326584433629643     
  0.307079674073129     
  0.291370877688985     
  0.274580107308357     
  0.256101421100858     
  0.240404396764352     
  0.226046107437090     
  0.215049435521371     
  0.207081562630326     
  0.198741688548386     
  0.189694312943289     
  0.179024337208524     
  0.165633510492243     
  0.149002775751755     
  0.133132503339650     
  0.120145627658702     
  0.109731396131390     
  0.100918322400153     
  9.064559772564365E-002
  8.188490904840576E-002
  7.668915578706756E-002
  7.225004614345980E-002
  6.575873130301231E-002
  5.713930758343136E-002
  4.956159642558926E-002
  4.352796571328358E-002
  4.037187042294098E-002
  3.911705065009657E-002
  3.948170262299400E-002
  4.271080079486745E-002
  4.418780805557653E-002
  4.325009494278530E-002
  4.215882171489408E-002
  4.123390398966393E-002
  3.965929184510223E-002
  3.662487220156428E-002
  3.136746437872005E-002
  2.779810460910532E-002
  3.122679474566419E-002
  3.478445450961944E-002
  3.387624477577602E-002
  3.139003686214297E-002
  2.926379219849883E-002
  3.138012878025463E-002
  3.580348194651238E-002
  3.835963504134308E-002
  3.880806906876846E-002
  3.783949553182419E-002
  3.731320621627675E-002
  3.734795045851032E-002
  3.582816505429146E-002
  3.154227534897368E-002
  2.655956929834510E-002
  2.678977317669341E-002
  3.391340011347667E-002
  4.114289488561793E-002
  4.646062280633287E-002
  4.996056254469499E-002
  5.432683473374308E-002
  6.017861534570063E-002
  6.301010653523154E-002
  6.232808598942669E-002
  6.180542727924315E-002
  6.210075607696150E-002
  6.406406498109773E-002
  7.053195015740127E-002
  7.562096183780039E-002
  7.611643727575999E-002
  7.845168462833393E-002
  7.884175085048649E-002
  7.713408487704297E-002
  8.011686501977153E-002
  8.253574785057542E-002
  8.055373255414212E-002
  7.652935047252613E-002
  7.422429014462807E-002
  7.292567332017445E-002
  7.102608394130930E-002
  7.508485122510040E-002
  8.283763389560780E-002
  8.910215387379375E-002
  9.872833201777582E-002
  0.110287591538957     
  0.122597429946982     
  0.134847797949050     
  0.143846180340767     
  0.149749331076861     
  0.152455361071759     
  0.154120862894651     
  0.155453402400008     
  0.157265626664893     
  0.159666092068142     
  0.157950167992457     
  0.151893737751323     
  0.150684518760263     
  0.155172810934346     
  0.161731391812161     
  0.170294110257737     
  0.178143796352911     
  0.183167288695995     
  0.187394300315095     
  0.197220389848578     
  0.210718579725232     
  0.220972453404229     
  0.227202652173786     
  0.232406894413804     
  0.237700155444315     
  0.247235535921642     
  0.261601053187645     
  0.277192283928645     
  0.287737951940340     
  0.290378044920756     
  0.295137655867265     
  0.303856444366295     
  0.309387006363860     
  0.308609628279637     
  0.303453834825671     
  0.298528151222809     
  0.296608703612369     
  0.301945437119274     
  0.317766496179174     
  0.337811872351527     
  0.356261682481478     
  0.371169356644782     
  0.380317849224460     
  0.387081172701112     
  0.398199955371421     
  0.416573055810046     
  0.439029741262060     
  0.462274996467693     
  0.483143310768559     
  0.504029985418342     
  0.530241718604815     
  0.557535491155512     
  0.577909518244347     
  0.590906204029801     
  0.601943063026678     
  0.613681164904307     
  0.627300399384635     
  0.641782336000600     
  0.655158448931963     
  0.668802764300041     
  0.685383345904738     
  0.703285905776494     
  0.720271506452413     
  0.741234325325098     
  0.766930975441513     
  0.792555976464562     
  0.819692654157068     
  0.846426403871770     
  0.868992513645438     
  0.893451002016543     
  0.918193153174030     
  0.943723313014735     
  0.968025196813114     
  0.982143274802046     
  0.997032425687678     
   1.00000000000000     
   1.00000000000000     
   1.00000000000000     
   1.00000000000000     
   1.00000000000000     
   1.00000000000000     
   1.00000000000000     
   1.00000000000000     
   1.00000000000000     
   1.00000000000000     
   1.00000000000000     
   1.00000000000000     
   1.00000000000000     
   1.00000000000000     
   1.00000000000000     
   1.00000000000000     
   1.00000000000000     
   1.00000000000000     
   1.00000000000000     
   1.00000000000000     
   1.00000000000000     
   1.00000000000000     
   1.00000000000000     
   1.00000000000000     
   1.00000000000000     
   1.00000000000000     
   1.00000000000000     
   1.00000000000000     
   1.00000000000000     
   1.00000000000000     
   1.00000000000000     
   1.00000000000000     
   1.00000000000000     
   1.00000000000000     
   1.00000000000000     
   1.00000000000000     
   1.00000000000000     
   1.00000000000000     
   1.00000000000000     
   1.00000000000000     
   1.00000000000000     
   1.00000000000000     
   1.00000000000000     
   1.00000000000000     
   1.00000000000000     
   1.00000000000000     
   1.00000000000000     
   1.00000000000000     
   1.00000000000000     
   1.00000000000000     
   1.00000000000000     
   1.00000000000000     
   1.00000000000000     
   1.00000000000000     
   1.00000000000000     
   1.00000000000000     
   1.00000000000000     
   1.00000000000000     
   1.00000000000000     
   1.00000000000000     
   1.00000000000000     
   1.00000000000000     
   1.00000000000000     
   1.00000000000000     
   1.00000000000000     
   1.00000000000000     
   1.00000000000000     
   1.00000000000000     
   1.00000000000000     
   1.00000000000000     
   1.00000000000000     
   1.00000000000000     
   1.00000000000000     
   1.00000000000000     
   1.00000000000000     
   1.00000000000000     
   1.00000000000000     
   1.00000000000000     
   1.00000000000000     
   1.00000000000000     
   1.00000000000000     
   1.00000000000000     
   1.00000000000000     
   1.00000000000000     
   1.00000000000000     
   1.00000000000000     
   1.00000000000000     
   1.00000000000000     
   1.00000000000000     
   1.00000000000000     
   1.00000000000000     
   1.00000000000000     
   1.00000000000000     
   1.00000000000000     
   1.00000000000000     
   1.00000000000000     
   1.00000000000000     
   1.00000000000000     
   1.00000000000000     
   1.00000000000000     
   1.00000000000000     
   1.00000000000000     
   1.00000000000000     
   1.00000000000000     
   1.00000000000000     
   1.00000000000000     
   1.00000000000000     
   1.00000000000000     
   1.00000000000000     
   1.00000000000000     
   1.00000000000000     
   1.00000000000000     
   1.00000000000000     
   1.00000000000000     
   1.00000000000000     
   1.00000000000000     
   1.00000000000000     
   1.00000000000000     
   1.00000000000000     
   1.00000000000000     
   1.00000000000000     
   1.00000000000000     
   1.00000000000000     
   1.00000000000000     
   1.00000000000000     
   1.00000000000000     
   1.00000000000000     
   1.00000000000000     
   1.00000000000000     
   1.00000000000000     
   1.00000000000000     
   1.00000000000000     
   1.00000000000000     
   1.00000000000000     
   1.00000000000000     
   1.00000000000000     
   1.00000000000000     
   1.00000000000000     
   1.00000000000000     
   1.00000000000000     
   1.00000000000000     
   1.00000000000000     
   1.00000000000000     
   1.00000000000000     
   1.00000000000000     
   1.00000000000000     
   1.00000000000000     
   1.00000000000000     
   1.00000000000000     
   1.00000000000000     
   1.00000000000000     
   1.00000000000000     
   1.00000000000000     
   1.00000000000000     
   1.00000000000000     
   1.00000000000000     
   1.00000000000000     
   1.00000000000000     
   1.00000000000000     
   1.00000000000000     
   1.00000000000000     
   1.00000000000000     
   1.00000000000000     
   1.00000000000000     
   1.00000000000000     
   1.00000000000000     
  0.994131763162584     
  0.973445095593640     
  0.953906390988362     
  0.934894427856772     
  0.914658880219916     
  0.893566339591108     
  0.872571232468926     
  0.850867538930903     
  0.828587431665342     
  0.805966700323216     
  0.783639044735931     
  0.761784503161672     
  0.739939355952487     
  0.717860064321093     
  0.695528832127549     
  0.673068006910277     
  0.650252461841480     
  0.627457409565567     
  0.604990965333829     
  0.582622925929682     
  0.559711123562662     
  0.537465017838780     
  0.517550720122018     
  0.498669294752665     
  0.479920908490607     
  0.461725457845641     
  0.443268207594567     
  0.423620684992617     
  0.403892728635229     
  0.384852526627930     
  0.365964048921051     
  0.347329859946888     
  0.329077790977754     
  0.311216769827696     
  0.294060378098200     
  0.277532079018565     
  0.261205846487729     
  0.245163160381211     
  0.230051704398355     
  0.215717109370156     
  0.200782362149802     
  0.185224265920850     
  0.170213550170695     
  0.156500057009208     
  0.144254296408476     
  0.133216386132573     
  0.122761675603515     
  0.111733191096247     
  0.100542530236973     
  8.996763281354907E-002
  8.029783241548424E-002
  7.209668206613122E-002
  6.507375617153896E-002
  5.907530639550779E-002
  5.381736133119085E-002
  4.824259158452644E-002
  4.307058806994186E-002
  3.762787820549276E-002
  3.375161594139948E-002
  3.463364179486861E-002
  3.622533296137275E-002
  3.781784904356561E-002
  3.948837250092597E-002
  4.065415394455024E-002
  4.118626218190193E-002
  4.060172530452608E-002
  4.109246030940150E-002
  4.256829550524147E-002
  4.311199103761733E-002
  4.316410583674967E-002
  4.191583022477367E-002
  3.956901701351608E-002
  4.050044380677192E-002
  3.935750258928639E-002
  3.254559490932335E-002
  2.704529506014695E-002
  2.350314426719219E-002
  2.036032116050671E-002
  1.884971744452538E-002
  2.017765866138281E-002
  2.434455350967508E-002
  2.839788915534810E-002
  3.405861195061075E-002
  4.206009571325836E-002
  4.950769005192718E-002
  5.242936279548387E-002
  5.033370344220113E-002
  5.037410405176777E-002
  5.356330398689058E-002
  5.526704955023392E-002
  5.813709184443810E-002
  6.286470412482839E-002
  6.550693629084833E-002
  6.451386113130952E-002
  6.231093769058849E-002
  6.006389534987353E-002
  5.719697689395570E-002
  5.452928131229036E-002
  5.162043899668841E-002
  4.764172449911259E-002
  4.493397403077088E-002
  4.319826284182782E-002
  4.036505302301039E-002
  3.767719768451876E-002
  3.553567589416579E-002
  3.515476101406058E-002
  3.581306136778365E-002
  3.679047385222461E-002
  4.139398506966426E-002
  4.589431391545560E-002
  4.965413526673865E-002
  5.518486092005075E-002
  5.697574410461392E-002
  5.697031272067896E-002
  5.753887861420148E-002
  5.726922606456197E-002
  5.744630644234250E-002
  5.831392764003605E-002
  5.942694387319852E-002
  5.997797505964794E-002
  6.330091350542477E-002
  7.518859164191166E-002
  9.285457319604351E-002
  0.108163574548190     
  0.119747007368094     
  0.129068776521538     
  0.136574960885521     
  0.142997011035306     
  0.149174667636877     
  0.156601473115238     
  0.163052696716599     
  0.169654490271797     
  0.180995220401877     
  0.195317597610903     
  0.209515384023782     
  0.223109548758375     
  0.236343752578994     
  0.250605678876628     
  0.265283590695991     
  0.277855466209291     
  0.286253155937592     
  0.289067355220276     
  0.292064395426925     
  0.299096909410575     
  0.309881724927079     
  0.322174166173411     
  0.333550745286910     
  0.343765820244945     
  0.351723766663743     
  0.357000062152537     
  0.360570916255938     
  0.363220454668787     
  0.363196852492091     
  0.363973805983435     
  0.369505338728547     
  0.375722860735265     
  0.383977647670681     
  0.393868403821590     
  0.403173959998460     
  0.413155467006427     
  0.417512809969081     
  0.416333285202842     
  0.416230526588303     
  0.418320126611708     
  0.421382794764824     
  0.424455614856415     
  0.426438275693400     
  0.428007738955615     
  0.432599788662735     
  0.439437133729936     
  0.446093941926723     
  0.452578523810211     
  0.457607499500111     
  0.461485699311694     
  0.465944518982513     
  0.469990741974786     
  0.472464242263410     
  0.475426222771154     
  0.479359599366685     
  0.486101572811349     
  0.498977252810096     
  0.512492143975421     
  0.523674940162240     
  0.534504293111655     
  0.545028888743565     
  0.555384881910558     
  0.570098371456587     
  0.590508500579428     
  0.612238815289232     
  0.634298038587232     
  0.654955481587505     
  0.675887204524838     
  0.696721586425739     
  0.721308909545993     
  0.752208974438383     
  0.778821762100166     
  0.798929858564676     
  0.819953142315824     
  0.845451814816167     
  0.873534892174531     
  0.897937226256111     
  0.914449082696369     
  0.928560960908848     
  0.947598099045832     
  0.967952841632756     
  0.983806610586917     
  0.997658193679659     
   1.00000000000000     
   1.00000000000000     
   1.00000000000000     
   1.00000000000000     
   1.00000000000000     
   1.00000000000000     
   1.00000000000000     
   1.00000000000000     
   1.00000000000000     
   1.00000000000000     
   1.00000000000000     
   1.00000000000000     
   1.00000000000000     
   1.00000000000000     
   1.00000000000000     
   1.00000000000000     
   1.00000000000000     
   1.00000000000000     
   1.00000000000000     
   1.00000000000000     
   1.00000000000000     
   1.00000000000000     
   1.00000000000000     
   1.00000000000000     
   1.00000000000000     
   1.00000000000000     
   1.00000000000000     
   1.00000000000000     
   1.00000000000000     
   1.00000000000000     
   1.00000000000000     
   1.00000000000000     
   1.00000000000000     
   1.00000000000000     
   1.00000000000000     
   1.00000000000000     
   1.00000000000000     
   1.00000000000000     
   1.00000000000000     
   1.00000000000000     
   1.00000000000000     
   1.00000000000000     
   1.00000000000000     
   1.00000000000000     
   1.00000000000000     
   1.00000000000000     
   1.00000000000000     
   1.00000000000000     
   1.00000000000000     
   1.00000000000000     
   1.00000000000000     
   1.00000000000000     
   1.00000000000000     
   1.00000000000000     
   1.00000000000000     
   1.00000000000000     
   1.00000000000000     
   1.00000000000000     
   1.00000000000000     
   1.00000000000000     
   1.00000000000000     
   1.00000000000000     
   1.00000000000000     
   1.00000000000000     
   1.00000000000000     
   1.00000000000000     
   1.00000000000000     
   1.00000000000000     
   1.00000000000000     
   1.00000000000000     
   1.00000000000000     
   1.00000000000000     
   1.00000000000000     
   1.00000000000000     
   1.00000000000000     
   1.00000000000000     
   1.00000000000000     
   1.00000000000000     
   1.00000000000000     
   1.00000000000000     
   1.00000000000000     
   1.00000000000000     
   1.00000000000000     
   1.00000000000000     
   1.00000000000000     
   1.00000000000000     
   1.00000000000000     
   1.00000000000000     
   1.00000000000000     
   1.00000000000000     
   1.00000000000000     
   1.00000000000000     
   1.00000000000000     
   1.00000000000000     
   1.00000000000000     
   1.00000000000000     
   1.00000000000000     
   1.00000000000000     
   1.00000000000000     
   1.00000000000000     
   1.00000000000000     
   1.00000000000000     
   1.00000000000000     
   1.00000000000000     
   1.00000000000000     
   1.00000000000000     
   1.00000000000000     
   1.00000000000000     
   1.00000000000000     
   1.00000000000000     
   1.00000000000000     
   1.00000000000000     
   1.00000000000000     
   1.00000000000000     
   1.00000000000000     
   1.00000000000000     
   1.00000000000000     
   1.00000000000000     
   1.00000000000000     
   1.00000000000000     
   1.00000000000000     
   1.00000000000000     
   1.00000000000000     
   1.00000000000000     
   1.00000000000000     
   1.00000000000000     
   1.00000000000000     
   1.00000000000000     
   1.00000000000000     
   1.00000000000000     
   1.00000000000000     
   1.00000000000000     
   1.00000000000000     
   1.00000000000000     
   1.00000000000000     
   1.00000000000000     
   1.00000000000000     
   1.00000000000000     
   1.00000000000000     
   1.00000000000000     
   1.00000000000000     
   1.00000000000000     
   1.00000000000000     
  0.994184268641562     
  0.971547897076517     
  0.946773835949401     
  0.922801016180316     
  0.899357865655040     
  0.878959843284540     
  0.857040096304482     
  0.832119421433943     
  0.800985279079197     
  0.763649718910557     
  0.729546361052260     
  0.702531926618060     
  0.680873062176848     
  0.661148208575889     
  0.637779588081514     
  0.613330092422101     
  0.589830978815093     
  0.570309206588332     
  0.554691473580845     
  0.536161775114800     
  0.520888043761444     
  0.510920798335617     
  0.500841663744901     
  0.486494745749528     
  0.469503151642359     
  0.454900986597181     
  0.442322987025942     
  0.429698663662071     
  0.415647188612122     
  0.401693423180422     
  0.387162549012990     
  0.373416061359244     
  0.357754644461349     
  0.336083443705031     
  0.312777641274103     
  0.294572444322621     
  0.278749563413117     
  0.261231916824601     
  0.245423443806283     
  0.231108442800367     
  0.216357073233146     
  0.202891114836617     
  0.192055109187679     
  0.182892114647628     
  0.176300540526292     
  0.169860593121641     
  0.160564726440005     
  0.147820863117060     
  0.130313404822235     
  0.109724282777960     
  9.200005539066762E-002
  7.988311658541605E-002
  6.939260931812172E-002
  5.887054465627287E-002
  4.888957113101083E-002
  3.884685123278426E-002
  3.044611096962025E-002
  2.735172025484408E-002
  2.819286015364796E-002
  2.642294815283169E-002
  2.291791095876040E-002
  1.954607457089660E-002
  1.813805820660531E-002
  1.984629029493619E-002
  2.312688386353330E-002
  2.519800692233025E-002
  2.458862592468891E-002
  2.239319037869523E-002
  2.040855493811633E-002
  2.009242826695876E-002
  2.035516220623678E-002
  1.803340306630892E-002
  1.403744558741558E-002
  1.245203009443441E-002
  1.503837573460061E-002
  1.834733530896247E-002
  1.957701711038897E-002
  1.893529986296730E-002
  1.643201924840512E-002
  1.400336031859565E-002
  1.234915534017731E-002
  1.263333507360854E-002
  1.768321865072853E-002
  2.212511804158928E-002
  2.323470909315523E-002
  2.191994508411228E-002
  1.893300294402987E-002
  1.544343331247422E-002
  1.273764627117550E-002
  1.096573845503181E-002
  1.038394938354241E-002
  1.210660296846131E-002
  1.691309838504074E-002
  2.313267036580708E-002
  2.682887913606855E-002
  2.956822914739254E-002
  3.140853758422045E-002
  3.144391893595309E-002
  3.086123119515433E-002
  3.026151783790447E-002
  2.919018905152448E-002
  2.912993915632850E-002
  3.067832943408436E-002
  3.034475610210824E-002
  2.607080606531055E-002
  2.077655136849331E-002
  1.611071619587189E-002
  1.284135462438009E-002
  1.368160124947853E-002
  1.814005753348291E-002
  2.515342509274035E-002
  3.776894366679889E-002
  4.948286086507300E-002
  5.480390836488350E-002
  5.738489261989765E-002
  6.177777413008601E-002
  6.749998950210302E-002
  7.197366075140108E-002
  7.462363476637393E-002
  7.377279591746971E-002
  7.266851459575184E-002
  7.526898297297741E-002
  8.031320312337256E-002
  8.585247596226521E-002
  8.978273483668238E-002
  9.269854534624224E-002
  9.654879905211905E-002
  9.980441191300719E-002
  9.903233753146914E-002
  9.813930093757928E-002
  0.101015032893376     
  0.102718078106399     
  0.107408553743439     
  0.114305413636570     
  0.117700254800924     
  0.119877015494862     
  0.122350104051275     
  0.123830258621752     
  0.125350555650568     
  0.132296378092868     
  0.140628810253578     
  0.144850077290387     
  0.145975063887354     
  0.144674323960624     
  0.142277744498277     
  0.138492400388435     
  0.136360107736688     
  0.137043838709725     
  0.139734584527880     
  0.144850708144282     
  0.148068206600407     
  0.149380350013020     
  0.152511790694355     
  0.156059890328393     
  0.159493633777272     
  0.165516601500364     
  0.172235975397611     
  0.176846984541530     
  0.185407331419043     
  0.195856412646900     
  0.200672648837144     
  0.203772202840002     
  0.206583932190477     
  0.206608514463588     
  0.209398631933386     
  0.219226867204799     
  0.231850453185131     
  0.243875036917414     
  0.255520901865856     
  0.266657088335100     
  0.274397191696090     
  0.279426164706288     
  0.286502420563502     
  0.301982280136712     
  0.318443294695770     
  0.326165187411565     
  0.330156890579998     
  0.333742114308097     
  0.336463541811299     
  0.338286023340680     
  0.341165327827433     
  0.348255097525547     
  0.357262314156592     
  0.368505747986807     
  0.380144222990192     
  0.388702896824389     
  0.402685578632316     
  0.421373730439503     
  0.441494990489740     
  0.461152315944177     
  0.473397582407143     
  0.485863016059877     
  0.503487179237796     
  0.519422858946594     
  0.538728365511341     
  0.559138187024410     
  0.574150262184500     
  0.584033771759383     
  0.588568772801385     
  0.597704888895795     
  0.614875351707826     
  0.634994657359940     
  0.654764378787118     
  0.674782608752989     
  0.697529327317127     
  0.723633049745238     
  0.751171775472010     
  0.776151207117270     
  0.795919085797944     
  0.815512597961201     
  0.840045365588044     
  0.870149363167706     
  0.900745701059819     
  0.925408268468845     
  0.944519329051971     
  0.960799999029846     
  0.977513315783603     
  0.993671042685088     
   1.00000000000000     
   1.00000000000000     
   1.00000000000000     
   1.00000000000000     
   1.00000000000000     
   1.00000000000000     
   1.00000000000000     
   1.00000000000000     
   1.00000000000000     
   1.00000000000000     
   1.00000000000000     
   1.00000000000000     
   1.00000000000000     
   1.00000000000000     
   1.00000000000000     
   1.00000000000000     
   1.00000000000000     
   1.00000000000000     
   1.00000000000000     
   1.00000000000000     
   1.00000000000000     
   1.00000000000000     
   1.00000000000000     
   1.00000000000000     
   1.00000000000000     
   1.00000000000000     
   1.00000000000000     
   1.00000000000000     
   1.00000000000000     
   1.00000000000000     
   1.00000000000000     
   1.00000000000000     
   1.00000000000000     
   1.00000000000000     
   1.00000000000000     
   1.00000000000000     
   1.00000000000000     
   1.00000000000000     
   1.00000000000000     
   1.00000000000000     
   1.00000000000000     
   1.00000000000000     
   1.00000000000000     
   1.00000000000000     
   1.00000000000000     
   1.00000000000000     
   1.00000000000000     
   1.00000000000000     
   1.00000000000000     
   1.00000000000000     
   1.00000000000000     
   1.00000000000000     
   1.00000000000000     
   1.00000000000000     
   1.00000000000000     
   1.00000000000000     
   1.00000000000000     
   1.00000000000000     
   1.00000000000000     
   1.00000000000000     
   1.00000000000000     
   1.00000000000000     
   1.00000000000000     
   1.00000000000000     
   1.00000000000000     
   1.00000000000000     
   1.00000000000000     
   1.00000000000000     
   1.00000000000000     
   1.00000000000000     
   1.00000000000000     
   1.00000000000000     
   1.00000000000000     
   1.00000000000000     
   1.00000000000000     
   1.00000000000000     
   1.00000000000000     
   1.00000000000000     
   1.00000000000000     
   1.00000000000000     
   1.00000000000000     
   1.00000000000000     
   1.00000000000000     
   1.00000000000000     
   1.00000000000000     
   1.00000000000000     
   1.00000000000000     
   1.00000000000000     
   1.00000000000000     
   1.00000000000000     
   1.00000000000000     
   1.00000000000000     
   1.00000000000000     
   1.00000000000000     
   1.00000000000000     
   1.00000000000000     
   1.00000000000000     
   1.00000000000000     
   1.00000000000000     
   1.00000000000000     
   1.00000000000000     
   1.00000000000000     
   1.00000000000000     
   1.00000000000000     
   1.00000000000000     
   1.00000000000000     
   1.00000000000000     
   1.00000000000000     
   1.00000000000000     
   1.00000000000000     
   1.00000000000000     
   1.00000000000000     
   1.00000000000000     
   1.00000000000000     
   1.00000000000000     
   1.00000000000000     
   1.00000000000000     
   1.00000000000000     
   1.00000000000000     
   1.00000000000000     
   1.00000000000000     
   1.00000000000000     
   1.00000000000000     
   1.00000000000000     
   1.00000000000000     
   1.00000000000000     
   1.00000000000000     
   1.00000000000000     
   1.00000000000000     
   1.00000000000000     
   1.00000000000000     
   1.00000000000000     
   1.00000000000000     
   1.00000000000000     
   1.00000000000000     
   1.00000000000000     
   1.00000000000000     
   1.00000000000000     
   1.00000000000000     
   1.00000000000000     
   1.00000000000000     
   1.00000000000000     
   1.00000000000000     
   1.00000000000000     
   1.00000000000000     
   1.00000000000000     
   1.00000000000000     
   1.00000000000000     
   1.00000000000000     
   1.00000000000000     
   1.00000000000000     
   1.00000000000000     
   1.00000000000000     
   1.00000000000000     
   1.00000000000000     
   1.00000000000000     
   1.00000000000000     
   1.00000000000000     
   1.00000000000000     
   1.00000000000000     
   1.00000000000000     
   1.00000000000000     
   1.00000000000000     
   1.00000000000000     
   1.00000000000000     
   1.00000000000000     
   1.00000000000000     
  0.994201713732496     
  0.970719391038640     
  0.947949334504642     
  0.926068130167034     
  0.909709135080968     
  0.898978266435881     
  0.886665411298894     
  0.870991808102017     
  0.849991543610006     
  0.825220897791794     
  0.800250944264417     
  0.776892206555034     
  0.756828756057494     
  0.739097663825857     
  0.722282998520151     
  0.706512191602240     
  0.689996254780374     
  0.674307383343708     
  0.661438223765867     
  0.649264142382669     
  0.631706560223087     
  0.607878706189167     
  0.582575572904916     
  0.562868239768856     
  0.548363769910715     
  0.529723969096150     
  0.505498663362208     
  0.477805006770950     
  0.449100358023914     
  0.422046322616097     
  0.397694939049657     
  0.377539388343339     
  0.357539325985109     
  0.337882101106390     
  0.321280128970973     
  0.299319886303509     
  0.274936331753060     
  0.255326453100799     
  0.242482111498474     
  0.233026316354246     
  0.218923932158465     
  0.199241217033765     
  0.175212957532636     
  0.153318690924246     
  0.138162055365840     
  0.122206839547128     
  0.104773466496780     
  8.737823651639624E-002
  7.553117428557202E-002
  7.319050338914378E-002
  6.963620959986910E-002
  6.515788422112159E-002
  6.156595753662009E-002
  5.365565980823497E-002
  4.303236693003284E-002
  3.330631818170792E-002
  2.620300134272970E-002
  2.210768367039495E-002
  1.891499863825514E-002
  1.933642957147440E-002
  1.963276973867388E-002
  1.618040225580013E-002
  1.456655635651096E-002
  1.741623519086977E-002
  2.005352546657686E-002
  2.042364906056647E-002
  2.366450629617305E-002
  2.712388849545372E-002
  2.597830971049434E-002
  2.653957717423761E-002
  2.969533956649676E-002
  3.002485376639925E-002
  2.832349671882767E-002
  2.554208538700556E-002
  2.325436494473372E-002
  2.169404043478559E-002
  2.193990131650524E-002
  2.574684675007812E-002
  2.931034295909891E-002
  2.845106569230497E-002
  2.580334987140066E-002
  2.712231985785052E-002
  2.921016741155334E-002
  2.971265942225166E-002
  3.107406885600607E-002
  3.115467683544656E-002
  3.094689546806211E-002
  3.190587736077215E-002
  3.178924111033175E-002
  2.933468047242882E-002
  2.836087104679634E-002
  3.218461853311053E-002
  4.187932563459279E-002
  5.269728164509183E-002
  5.695675053012784E-002
  5.555946071279524E-002
  5.176692349290513E-002
  4.844634983409284E-002
  4.432048911151953E-002
  3.958596794349114E-002
  4.111656530678136E-002
  5.104741994509973E-002
  6.508931088192105E-002
  7.685714347570936E-002
  8.235781660755655E-002
  8.406872192144101E-002
  8.398222110643833E-002
  8.236345892955785E-002
  8.084081776318938E-002
  8.414216129098000E-002
  9.038145481405520E-002
  9.425618098610071E-002
  9.614462080521965E-002
  9.584573205821378E-002
  9.412975433701802E-002
  9.381132857138434E-002
  9.509303890373155E-002
  0.102187695698421     
  0.115397533204677     
  0.124423132103038     
  0.128000520832387     
  0.128183919090564     
  0.126325775056258     
  0.124501805712348     
  0.121043032881018     
  0.113983365531557     
  0.106281799171861     
  0.103314143682057     
  0.102019475294605     
  9.999458487664864E-002
  9.989257597929189E-002
  0.103756655494344     
  0.113838609102281     
  0.125214818828649     
  0.136377409706309     
  0.149697058223088     
  0.163023594554220     
  0.175762564001393     
  0.188528266627436     
  0.198826649718355     
  0.206482916689996     
  0.214341112442482     
  0.223981067163275     
  0.234862526231662     
  0.246507992424671     
  0.257734942111325     
  0.266967570103016     
  0.274749627885051     
  0.281159679988435     
  0.286294976629313     
  0.290774225531180     
  0.296588334874130     
  0.302931951000133     
  0.308221635787730     
  0.311701739920894     
  0.314291203505407     
  0.320455272552325     
  0.331017141723456     
  0.344965136971453     
  0.360263750876310     
  0.371294918333288     
  0.376314463452114     
  0.380301645617660     
  0.386369779576526     
  0.396024710777988     
  0.411591772586505     
  0.429986662826980     
  0.444174029888644     
  0.460468511911914     
  0.481497315806463     
  0.497385381389197     
  0.507825312845630     
  0.514054099659364     
  0.517031262341944     
  0.520222411657792     
  0.528350495718025     
  0.541888496511264     
  0.555751318396307     
  0.568471636069993     
  0.582445567197358     
  0.600758591927071     
  0.616576922766164     
  0.628156780060649     
  0.645906459833991     
  0.669080554063760     
  0.689815645293447     
  0.707939579861197     
  0.729837022283081     
  0.754391068898903     
  0.772428629051273     
  0.780667882313164     
  0.787130685018720     
  0.794473484704894     
  0.800793600129228     
  0.815108848093066     
  0.837121728960928     
  0.854344110641515     
  0.865362624055631     
  0.877193644682174     
  0.888377902701697     
  0.899645465821698     
  0.916369782090575     
  0.933132638770710     
  0.944510149472518     
  0.951178429790715     
  0.958416000828568     
  0.977621121620194     
  0.999181701664559     
   1.00000000000000     
   1.00000000000000     
